#
# There is insufficient memory for the Java Runtime Environment to continue.
# Native memory allocation (malloc) failed to allocate 1317024 bytes. Error detail: Chunk::new
# Possible reasons:
#   The system is out of physical RAM or swap space
#   This process is running with CompressedOops enabled, and the Java Heap may be blocking the growth of the native heap
# Possible solutions:
#   Reduce memory load on the system
#   Increase physical memory or swap space
#   Check if swap backing store is full
#   Decrease Java heap size (-Xmx/-Xms)
#   Decrease number of Java threads
#   Decrease Java thread stack sizes (-Xss)
#   Set larger code cache with -XX:ReservedCodeCacheSize=
#   JVM is running with Unscaled Compressed Oops mode in which the Java heap is
#     placed in the first 4GB address space. The Java Heap base address is the
#     maximum limit for the native heap growth. Please use -XX:HeapBaseMinAddress
#     to set the Java Heap base and to place the Java Heap above 4GB virtual address.
# This output file may be truncated or incomplete.
#
#  Out of Memory Error (arena.cpp:168), pid=124760, tid=128100
#
# JRE version: OpenJDK Runtime Environment Temurin-21.0.10+7 (21.0.10+7) (build 21.0.10+7-LTS)
# Java VM: OpenJDK 64-Bit Server VM Temurin-21.0.10+7 (21.0.10+7-LTS, mixed mode, sharing, tiered, compressed oops, compressed class ptrs, parallel gc, windows-amd64)
# No core dump will be written. Minidumps are not enabled by default on client versions of Windows
#

---------------  S U M M A R Y ------------

Command Line: --add-modules=ALL-SYSTEM --add-opens=java.base/java.util=ALL-UNNAMED --add-opens=java.base/java.lang=ALL-UNNAMED --add-opens=java.base/sun.nio.fs=ALL-UNNAMED -Declipse.application=org.eclipse.jdt.ls.core.id1 -Dosgi.bundles.defaultStartLevel=4 -Declipse.product=org.eclipse.jdt.ls.core.product -Djava.import.generatesMetadataFilesAtProjectRoot=false -DDetectVMInstallationsJob.disabled=true -Dfile.encoding=utf8 -XX:+UseParallelGC -XX:GCTimeRatio=4 -XX:AdaptiveSizePolicyWeight=90 -Dsun.zip.disableMemoryMapping=true -Xmx2G -Xms100m -Xlog:disable -javaagent:c:\Users\Admin\.antigravity\extensions\redhat.java-1.54.0-win32-x64\lombok\lombok-1.18.39-4050.jar -XX:+HeapDumpOnOutOfMemoryError -XX:HeapDumpPath=c:\Users\Admin\AppData\Roaming\Antigravity\User\workspaceStorage\9c3ab5a5d9417d760d64608dbbaf5066\redhat.java -Daether.dependencyCollector.impl=bf c:\Users\Admin\.antigravity\extensions\redhat.java-1.54.0-win32-x64\server\plugins\org.eclipse.equinox.launcher_1.7.100.v20251111-0406.jar -configuration c:\Users\Admin\AppData\Roaming\Antigravity\User\globalStorage\redhat.java\1.54.0\config_win -data c:\Users\Admin\AppData\Roaming\Antigravity\User\workspaceStorage\9c3ab5a5d9417d760d64608dbbaf5066\redhat.java\jdt_ws --pipe=\\.\pipe\lsp-d61ee702f4f5d314febf737ba9a861fa-sock

Host: AMD Ryzen 5 5500U with Radeon Graphics         , 12 cores, 5G,  Windows 11 , 64 bit Build 26100 (10.0.26100.8246)
Time: Mon May 11 03:02:46 2026 India Standard Time elapsed time: 2697.199353 seconds (0d 0h 44m 57s)

---------------  T H R E A D  ---------------

Current thread (0x00000178dcfec470):  JavaThread "C2 CompilerThread0" daemon [_thread_in_native, id=128100, stack(0x00000024f8400000,0x00000024f8500000) (1024K)]


Current CompileTask:
C2:2697199 24502       4       org.eclipse.jdt.internal.compiler.lookup.InferenceContext18::collectDependencies (854 bytes)

Stack: [0x00000024f8400000,0x00000024f8500000]
Native frames: (J=compiled Java code, j=interpreted, Vv=VM code, C=native code)
V  [jvm.dll+0x6d7a39]
V  [jvm.dll+0x8b4b26]
V  [jvm.dll+0x8b70de]
V  [jvm.dll+0x8b77c3]
V  [jvm.dll+0x284346]
V  [jvm.dll+0xc66ed]
V  [jvm.dll+0xc6c31]
V  [jvm.dll+0x3bec3b]
V  [jvm.dll+0x38b162]
V  [jvm.dll+0x38a5aa]
V  [jvm.dll+0x24c560]
V  [jvm.dll+0x24bb40]
V  [jvm.dll+0x1cb34e]
V  [jvm.dll+0x25b85d]
V  [jvm.dll+0x259dea]
V  [jvm.dll+0x3f857e]
V  [jvm.dll+0x85f59d]
V  [jvm.dll+0x6d626d]
C  [ucrtbase.dll+0x37b0]
C  [KERNEL32.DLL+0x2e8d7]
C  [ntdll.dll+0x8c3fc]


---------------  P R O C E S S  ---------------

Threads class SMR info:
_java_thread_list=0x00000178fe074eb0, length=50, elements={
0x00000178dcf2c940, 0x00000178f39dd9c0, 0x00000178dcfd12b0, 0x00000178dcfd4f50,
0x00000178dcfd7ac0, 0x00000178dcfd9bb0, 0x00000178dcfe1f70, 0x00000178dcfec470,
0x00000178f4d34b10, 0x00000178f4f229e0, 0x00000178f4f24420, 0x00000178f4f20fa0,
0x00000178fa518e50, 0x00000178fa5194e0, 0x00000178fa51a200, 0x00000178fa519b70,
0x00000178fa51c2d0, 0x00000178fa51e3a0, 0x00000178fa51ea30, 0x00000178fa51a890,
0x00000178fa517aa0, 0x00000178fa51b5b0, 0x00000178fa5187c0, 0x00000178fa518130,
0x00000178fa51bc40, 0x00000178fa51d680, 0x00000178fa51dd10, 0x00000178f4f23070,
0x00000178f4f23700, 0x00000178f4f22350, 0x00000178f4f23d90, 0x00000178f4f21630,
0x00000178f4f21cc0, 0x00000178fc661c20, 0x00000178fc65f4c0, 0x00000178fc65ee30,
0x00000178fe95f420, 0x00000178fe95fab0, 0x00000178fe9614f0, 0x00000178fe960140,
0x00000178fc6601e0, 0x00000178fc661590, 0x00000178fc662940, 0x00000178fc660870,
0x00000178fc662fd0, 0x00000178fc65fb50, 0x00000178fc664380, 0x00000178fc663660,
0x00000178fc666450, 0x00000178fc663cf0
}

Java Threads: ( => current thread )
  0x00000178dcf2c940 JavaThread "main"                              [_thread_blocked, id=90952, stack(0x00000024f7a00000,0x00000024f7b00000) (1024K)]
  0x00000178f39dd9c0 JavaThread "Reference Handler"          daemon [_thread_blocked, id=18904, stack(0x00000024f7e00000,0x00000024f7f00000) (1024K)]
  0x00000178dcfd12b0 JavaThread "Finalizer"                  daemon [_thread_blocked, id=132364, stack(0x00000024f7f00000,0x00000024f8000000) (1024K)]
  0x00000178dcfd4f50 JavaThread "Signal Dispatcher"          daemon [_thread_blocked, id=129640, stack(0x00000024f8000000,0x00000024f8100000) (1024K)]
  0x00000178dcfd7ac0 JavaThread "Attach Listener"            daemon [_thread_blocked, id=83668, stack(0x00000024f8100000,0x00000024f8200000) (1024K)]
  0x00000178dcfd9bb0 JavaThread "Service Thread"             daemon [_thread_blocked, id=106376, stack(0x00000024f8200000,0x00000024f8300000) (1024K)]
  0x00000178dcfe1f70 JavaThread "Monitor Deflation Thread"   daemon [_thread_blocked, id=129136, stack(0x00000024f8300000,0x00000024f8400000) (1024K)]
=>0x00000178dcfec470 JavaThread "C2 CompilerThread0"         daemon [_thread_in_native, id=128100, stack(0x00000024f8400000,0x00000024f8500000) (1024K)]
  0x00000178f4d34b10 JavaThread "C1 CompilerThread0"         daemon [_thread_blocked, id=64656, stack(0x00000024f8500000,0x00000024f8600000) (1024K)]
  0x00000178f4f229e0 JavaThread "Common-Cleaner"             daemon [_thread_blocked, id=127524, stack(0x00000024f8600000,0x00000024f8700000) (1024K)]
  0x00000178f4f24420 JavaThread "Notification Thread"        daemon [_thread_blocked, id=95636, stack(0x00000024f8700000,0x00000024f8800000) (1024K)]
  0x00000178f4f20fa0 JavaThread "Active Thread: Equinox Container: c6e00e8b-23c7-4da3-a5c2-da379c14f05e"        [_thread_blocked, id=135212, stack(0x00000024f9400000,0x00000024f9500000) (1024K)]
  0x00000178fa518e50 JavaThread "Framework Event Dispatcher: Equinox Container: c6e00e8b-23c7-4da3-a5c2-da379c14f05e" daemon [_thread_blocked, id=133048, stack(0x00000024f9600000,0x00000024f9700000) (1024K)]
  0x00000178fa5194e0 JavaThread "Start Level: Equinox Container: c6e00e8b-23c7-4da3-a5c2-da379c14f05e" daemon [_thread_blocked, id=98096, stack(0x00000024f9700000,0x00000024f9800000) (1024K)]
  0x00000178fa51a200 JavaThread "Bundle File Closer"         daemon [_thread_blocked, id=130088, stack(0x00000024f9800000,0x00000024f9900000) (1024K)]
  0x00000178fa519b70 JavaThread "Refresh Thread: Equinox Container: c6e00e8b-23c7-4da3-a5c2-da379c14f05e" daemon [_thread_blocked, id=127336, stack(0x00000024f9900000,0x00000024f9a00000) (1024K)]
  0x00000178fa51c2d0 JavaThread "SCR Component Actor"        daemon [_thread_blocked, id=86088, stack(0x00000024fa300000,0x00000024fa400000) (1024K)]
  0x00000178fa51e3a0 JavaThread "Worker-JM"                         [_thread_blocked, id=134984, stack(0x00000024fa500000,0x00000024fa600000) (1024K)]
  0x00000178fa51ea30 JavaThread "Java indexing"              daemon [_thread_blocked, id=57916, stack(0x00000024fa800000,0x00000024fa900000) (1024K)]
  0x00000178fa51a890 JavaThread "JNA Cleaner"                daemon [_thread_blocked, id=98940, stack(0x00000024f8e00000,0x00000024f8f00000) (1024K)]
  0x00000178fa517aa0 JavaThread "Thread-1"                   daemon [_thread_in_native, id=134684, stack(0x00000024f9a00000,0x00000024f9b00000) (1024K)]
  0x00000178fa51b5b0 JavaThread "Thread-2"                   daemon [_thread_in_native, id=136136, stack(0x00000024f9b00000,0x00000024f9c00000) (1024K)]
  0x00000178fa5187c0 JavaThread "Thread-3"                   daemon [_thread_in_native, id=100584, stack(0x00000024f9c00000,0x00000024f9d00000) (1024K)]
  0x00000178fa518130 JavaThread "Thread-4"                   daemon [_thread_in_native, id=134344, stack(0x00000024f9d00000,0x00000024f9e00000) (1024K)]
  0x00000178fa51bc40 JavaThread "Thread-5"                   daemon [_thread_in_native, id=126108, stack(0x00000024f9e00000,0x00000024f9f00000) (1024K)]
  0x00000178fa51d680 JavaThread "Thread-6"                   daemon [_thread_in_native, id=132604, stack(0x00000024f9f00000,0x00000024fa000000) (1024K)]
  0x00000178fa51dd10 JavaThread "Thread-7"                   daemon [_thread_in_native, id=128680, stack(0x00000024fa900000,0x00000024faa00000) (1024K)]
  0x00000178f4f23070 JavaThread "Thread-8"                   daemon [_thread_in_native, id=96252, stack(0x00000024faa00000,0x00000024fab00000) (1024K)]
  0x00000178f4f23700 JavaThread "Thread-9"                   daemon [_thread_in_native, id=26868, stack(0x00000024fab00000,0x00000024fac00000) (1024K)]
  0x00000178f4f22350 JavaThread "Thread-10"                  daemon [_thread_in_native, id=98740, stack(0x00000024fac00000,0x00000024fad00000) (1024K)]
  0x00000178f4f23d90 JavaThread "Thread-11"                  daemon [_thread_in_native, id=131712, stack(0x00000024fad00000,0x00000024fae00000) (1024K)]
  0x00000178f4f21630 JavaThread "Thread-12"                  daemon [_thread_in_native, id=120012, stack(0x00000024fae00000,0x00000024faf00000) (1024K)]
  0x00000178f4f21cc0 JavaThread "Thread-13"                  daemon [_thread_in_native, id=127792, stack(0x00000024faf00000,0x00000024fb000000) (1024K)]
  0x00000178fc661c20 JavaThread "pool-2-thread-1"                   [_thread_blocked, id=128036, stack(0x00000024fb100000,0x00000024fb200000) (1024K)]
  0x00000178fc65f4c0 JavaThread "WorkspaceEventsHandler"            [_thread_blocked, id=99416, stack(0x00000024fb300000,0x00000024fb400000) (1024K)]
  0x00000178fc65ee30 JavaThread "pool-1-thread-1"                   [_thread_blocked, id=125596, stack(0x00000024fb400000,0x00000024fb500000) (1024K)]
  0x00000178fe95f420 JavaThread "Worker-22"                         [_thread_blocked, id=138112, stack(0x00000024f7700000,0x00000024f7800000) (1024K)]
  0x00000178fe95fab0 JavaThread "Worker-23"                         [_thread_blocked, id=141788, stack(0x00000024f7800000,0x00000024f7900000) (1024K)]
  0x00000178fe9614f0 JavaThread "Compiler Source File Reader" daemon [_thread_blocked, id=140808, stack(0x00000024f8f00000,0x00000024f9000000) (1024K)]
  0x00000178fe960140 JavaThread "Compiler Source File Reader" daemon [_thread_blocked, id=141768, stack(0x00000024f9000000,0x00000024f9100000) (1024K)]
  0x00000178fc6601e0 JavaThread "Compiler Source File Reader" daemon [_thread_blocked, id=141264, stack(0x00000024f9200000,0x00000024f9300000) (1024K)]
  0x00000178fc661590 JavaThread "Compiler Source File Reader" daemon [_thread_blocked, id=141996, stack(0x00000024fa200000,0x00000024fa300000) (1024K)]
  0x00000178fc662940 JavaThread "Compiler Source File Reader" daemon [_thread_blocked, id=142724, stack(0x00000024fa400000,0x00000024fa500000) (1024K)]
  0x00000178fc660870 JavaThread "Compiler Source File Reader" daemon [_thread_blocked, id=137960, stack(0x00000024fa600000,0x00000024fa700000) (1024K)]
  0x00000178fc662fd0 JavaThread "Compiler Source File Reader" daemon [_thread_blocked, id=140000, stack(0x00000024fa700000,0x00000024fa800000) (1024K)]
  0x00000178fc65fb50 JavaThread "Compiler Source File Reader" daemon [_thread_blocked, id=139576, stack(0x00000024fb200000,0x00000024fb300000) (1024K)]
  0x00000178fc664380 JavaThread "Compiler Source File Reader" daemon [_thread_blocked, id=140564, stack(0x00000024fb500000,0x00000024fb600000) (1024K)]
  0x00000178fc663660 JavaThread "Compiler Source File Reader" daemon [_thread_blocked, id=138608, stack(0x00000024fb600000,0x00000024fb700000) (1024K)]
  0x00000178fc666450 JavaThread "Worker-26"                         [_thread_blocked, id=142968, stack(0x00000024f7900000,0x00000024f7a00000) (1024K)]
  0x00000178fc663cf0 JavaThread "Compiler Processing Task"   daemon [_thread_blocked, id=140040, stack(0x00000024f9100000,0x00000024f9200000) (1024K)]
Total: 50

Other Threads:
  0x00000178dcfcea40 VMThread "VM Thread"                           [id=127420, stack(0x00000024f7d00000,0x00000024f7e00000) (1024K)]
  0x00000178f38bca00 WatcherThread "VM Periodic Task Thread"        [id=32760, stack(0x00000024f7c00000,0x00000024f7d00000) (1024K)]
  0x00000178dcf4ae00 WorkerThread "GC Thread#0"                     [id=129760, stack(0x00000024f7b00000,0x00000024f7c00000) (1024K)]
  0x00000178f4fbca40 WorkerThread "GC Thread#1"                     [id=127640, stack(0x00000024f8800000,0x00000024f8900000) (1024K)]
  0x00000178f4fbd1a0 WorkerThread "GC Thread#2"                     [id=122660, stack(0x00000024f8900000,0x00000024f8a00000) (1024K)]
  0x00000178f4fbcdf0 WorkerThread "GC Thread#3"                     [id=69644, stack(0x00000024f8a00000,0x00000024f8b00000) (1024K)]
  0x00000178f4fbbf30 WorkerThread "GC Thread#4"                     [id=113636, stack(0x00000024f8b00000,0x00000024f8c00000) (1024K)]
  0x00000178f4fbd550 WorkerThread "GC Thread#5"                     [id=16596, stack(0x00000024f8c00000,0x00000024f8d00000) (1024K)]
  0x00000178f4fbd900 WorkerThread "GC Thread#6"                     [id=130420, stack(0x00000024f8d00000,0x00000024f8e00000) (1024K)]
  0x00000178fa7f2dd0 WorkerThread "GC Thread#7"                     [id=129420, stack(0x00000024f9500000,0x00000024f9600000) (1024K)]
  0x00000178fa7f4040 WorkerThread "GC Thread#8"                     [id=108888, stack(0x00000024fa000000,0x00000024fa100000) (1024K)]
  0x00000178fa7f1f10 WorkerThread "GC Thread#9"                     [id=129548, stack(0x00000024fa100000,0x00000024fa200000) (1024K)]
Total: 12

Threads with active compile tasks:
C2 CompilerThread0  2697249 24502       4       org.eclipse.jdt.internal.compiler.lookup.InferenceContext18::collectDependencies (854 bytes)
Total: 1

VM state: not at safepoint (normal execution)

VM Mutex/Monitor currently owned by a thread: None

Heap address: 0x0000000080000000, size: 2048 MB, Compressed Oops mode: 32-bit

CDS archive(s) mapped at: [0x0000017880000000-0x0000017880ba0000-0x0000017880ba0000), size 12189696, SharedBaseAddress: 0x0000017880000000, ArchiveRelocationMode: 1.
Compressed class space mapped at: 0x0000017881000000-0x00000178c1000000, reserved size: 1073741824
Narrow klass base: 0x0000017880000000, Narrow klass shift: 0, Narrow klass range: 0x100000000

GC Precious Log:
 CardTable entry size: 512
 CPUs: 12 total, 12 available
 Memory: 5989M
 Large Page Support: Disabled
 NUMA Support: Disabled
 Compressed Oops: Enabled (32-bit)
 Alignments: Space 512K, Generation 512K, Heap 2M
 Heap Min Capacity: 100M
 Heap Initial Capacity: 100M
 Heap Max Capacity: 2G
 Pre-touch: Disabled
 Parallel Workers: 10

Heap:
 PSYoungGen      total 14336K, used 11583K [0x00000000d5580000, 0x00000000d6680000, 0x0000000100000000)
  eden space 12288K, 78% used [0x00000000d5580000,0x00000000d5eefe38,0x00000000d6180000)
  from space 2048K, 93% used [0x00000000d6180000,0x00000000d6360000,0x00000000d6380000)
  to   space 2560K, 0% used [0x00000000d6400000,0x00000000d6400000,0x00000000d6680000)
 ParOldGen       total 1014272K, used 1013926K [0x0000000080000000, 0x00000000bde80000, 0x00000000d5580000)
  object space 1014272K, 99% used [0x0000000080000000,0x00000000bde29970,0x00000000bde80000)
 Metaspace       used 82968K, committed 84736K, reserved 1179648K
  class space    used 8297K, committed 9088K, reserved 1048576K

Card table byte_map: [0x00000178dc8d0000,0x00000178dcce0000] _byte_map_base: 0x00000178dc4d0000

Marking Bits: (ParMarkBitMap*) 0x00007ff9d7b43450
 Begin Bits: [0x00000178ef3e0000, 0x00000178f13e0000)
 End Bits:   [0x00000178f13e0000, 0x00000178f33e0000)

Polling page: 0x00000178dad80000

Metaspace:

Usage:
  Non-class:     72.92 MB used.
      Class:      8.10 MB used.
       Both:     81.02 MB used.

Virtual space:
  Non-class space:      128.00 MB reserved,      73.88 MB ( 58%) committed,  2 nodes.
      Class space:        1.00 GB reserved,       8.88 MB ( <1%) committed,  1 nodes.
             Both:        1.12 GB reserved,      82.75 MB (  7%) committed. 

Chunk freelists:
   Non-Class:  5.28 MB
       Class:  7.01 MB
        Both:  12.29 MB

MaxMetaspaceSize: unlimited
CompressedClassSpaceSize: 1.00 GB
Initial GC threshold: 21.00 MB
Current GC threshold: 135.75 MB
CDS: on
 - commit_granule_bytes: 65536.
 - commit_granule_words: 8192.
 - virtual_space_node_default_size: 8388608.
 - enlarge_chunks_in_place: 1.
 - use_allocation_guard: 0.


Internal statistics:

num_allocs_failed_limit: 9.
num_arena_births: 1582.
num_arena_deaths: 24.
num_vsnodes_births: 3.
num_vsnodes_deaths: 0.
num_space_committed: 1332.
num_space_uncommitted: 7.
num_chunks_returned_to_freelist: 82.
num_chunks_taken_from_freelist: 5512.
num_chunk_merges: 24.
num_chunk_splits: 3303.
num_chunks_enlarged: 1892.
num_inconsistent_stats: 0.

CodeHeap 'non-profiled nmethods': size=120000Kb used=19662Kb max_used=19955Kb free=100337Kb
 bounds [0x00000178e7c00000, 0x00000178e8f80000, 0x00000178ef130000]
CodeHeap 'profiled nmethods': size=120000Kb used=46820Kb max_used=50020Kb free=73179Kb
 bounds [0x00000178e0130000, 0x00000178e3210000, 0x00000178e7660000]
CodeHeap 'non-nmethods': size=5760Kb used=1491Kb max_used=1577Kb free=4268Kb
 bounds [0x00000178e7660000, 0x00000178e78d0000, 0x00000178e7c00000]
CodeCache: size=245760Kb, used=67973Kb, max_used=71552Kb, free=177784Kb
 total_blobs=20217, nmethods=19407, adapters=711, full_count=0
Compilation: enabled, stopped_count=0, restarted_count=0

Compilation events (20 events):
Event: 2694.922 Thread 0x00000178f4d34b10 24551       3       org.eclipse.jdt.internal.compiler.ast.Block::analyseCode (267 bytes)
Event: 2694.925 Thread 0x00000178f4d34b10 nmethod 24551 0x00000178e1e24b10 code [0x00000178e1e24de0, 0x00000178e1e25ea0]
Event: 2694.926 Thread 0x00000178f4d34b10 24552       3       org.eclipse.jdt.internal.compiler.codegen.ConstantPool::resizePoolContents (36 bytes)
Event: 2694.926 Thread 0x00000178dcfec470 nmethod 24533 0x00000178e8737710 code [0x00000178e8737960, 0x00000178e87381e0]
Event: 2694.927 Thread 0x00000178dcfec470 24502       4       org.eclipse.jdt.internal.compiler.lookup.InferenceContext18::collectDependencies (854 bytes)
Event: 2694.927 Thread 0x00000178f4d34b10 nmethod 24552 0x00000178e222d110 code [0x00000178e222d2c0, 0x00000178e222d558]
Event: 2695.063 Thread 0x00000178f4d34b10 24553       1       org.eclipse.core.internal.resources.ResourceInfo::setMarkers (6 bytes)
Event: 2695.064 Thread 0x00000178f4d34b10 nmethod 24553 0x00000178e8829210 code [0x00000178e88293a0, 0x00000178e8829480]
Event: 2695.070 Thread 0x00000178f4d34b10 24554   !   3       org.eclipse.jdt.internal.core.builder.AbstractImageBuilder::acceptResult (856 bytes)
Event: 2695.112 Thread 0x00000178f4d34b10 nmethod 24554 0x00000178e21f0710 code [0x00000178e21f1020, 0x00000178e21f6968]
Event: 2695.112 Thread 0x00000178f4d34b10 24555       3       org.eclipse.jdt.internal.core.builder.WorkQueue::isCompiled (11 bytes)
Event: 2695.113 Thread 0x00000178f4d34b10 nmethod 24555 0x00000178e0e67c90 code [0x00000178e0e67e40, 0x00000178e0e68018]
Event: 2695.113 Thread 0x00000178f4d34b10 24556       3       org.eclipse.jdt.internal.core.builder.WorkQueue::finished (23 bytes)
Event: 2695.113 Thread 0x00000178f4d34b10 nmethod 24556 0x00000178e2348210 code [0x00000178e23483e0, 0x00000178e23486a0]
Event: 2695.113 Thread 0x00000178f4d34b10 24557       3       org.eclipse.jdt.internal.core.builder.State::recordLocatorForType (11 bytes)
Event: 2695.113 Thread 0x00000178f4d34b10 nmethod 24557 0x00000178e1b95a90 code [0x00000178e1b95c40, 0x00000178e1b95d98]
Event: 2695.113 Thread 0x00000178f4d34b10 24558       3       org.eclipse.jdt.internal.core.builder.TypeLocators::recordLocatorForType (102 bytes)
Event: 2695.114 Thread 0x00000178f4d34b10 nmethod 24558 0x00000178e1a36290 code [0x00000178e1a36540, 0x00000178e1a37170]
Event: 2695.115 Thread 0x00000178f4d34b10 24559       3       org.eclipse.jdt.internal.core.builder.BuildNotifier::compiled (50 bytes)
Event: 2695.115 Thread 0x00000178f4d34b10 nmethod 24559 0x00000178e0ebe690 code [0x00000178e0ebe8c0, 0x00000178e0ebee08]

GC Heap History (20 events):
Event: 2427.888 GC heap before
{Heap before GC invocations=2702 (full 5):
 PSYoungGen      total 15360K, used 14992K [0x00000000d5580000, 0x00000000d6900000, 0x0000000100000000)
  eden space 10752K, 100% used [0x00000000d5580000,0x00000000d6000000,0x00000000d6000000)
  from space 4608K, 92% used [0x00000000d6080000,0x00000000d64a4010,0x00000000d6500000)
  to   space 4096K, 0% used [0x00000000d6500000,0x00000000d6500000,0x00000000d6900000)
 ParOldGen       total 960512K, used 960296K [0x0000000080000000, 0x00000000baa00000, 0x00000000d5580000)
  object space 960512K, 99% used [0x0000000080000000,0x00000000ba9ca098,0x00000000baa00000)
 Metaspace       used 82866K, committed 84672K, reserved 1179648K
  class space    used 8292K, committed 9088K, reserved 1048576K
}
Event: 2427.896 GC heap after
{Heap after GC invocations=2702 (full 5):
 PSYoungGen      total 14848K, used 3944K [0x00000000d5580000, 0x00000000d6900000, 0x0000000100000000)
  eden space 10752K, 0% used [0x00000000d5580000,0x00000000d5580000,0x00000000d6000000)
  from space 4096K, 96% used [0x00000000d6500000,0x00000000d68da000,0x00000000d6900000)
  to   space 4096K, 0% used [0x00000000d6100000,0x00000000d6100000,0x00000000d6500000)
 ParOldGen       total 964608K, used 964474K [0x0000000080000000, 0x00000000bae00000, 0x00000000d5580000)
  object space 964608K, 99% used [0x0000000080000000,0x00000000baddea18,0x00000000bae00000)
 Metaspace       used 82866K, committed 84672K, reserved 1179648K
  class space    used 8292K, committed 9088K, reserved 1048576K
}
Event: 2427.921 GC heap before
{Heap before GC invocations=2703 (full 5):
 PSYoungGen      total 14848K, used 14678K [0x00000000d5580000, 0x00000000d6900000, 0x0000000100000000)
  eden space 10752K, 99% used [0x00000000d5580000,0x00000000d5ffb958,0x00000000d6000000)
  from space 4096K, 96% used [0x00000000d6500000,0x00000000d68da000,0x00000000d6900000)
  to   space 4096K, 0% used [0x00000000d6100000,0x00000000d6100000,0x00000000d6500000)
 ParOldGen       total 964608K, used 964474K [0x0000000080000000, 0x00000000bae00000, 0x00000000d5580000)
  object space 964608K, 99% used [0x0000000080000000,0x00000000baddea18,0x00000000bae00000)
 Metaspace       used 82867K, committed 84672K, reserved 1179648K
  class space    used 8292K, committed 9088K, reserved 1048576K
}
Event: 2427.927 GC heap after
{Heap after GC invocations=2703 (full 5):
 PSYoungGen      total 14336K, used 3140K [0x00000000d5580000, 0x00000000d6700000, 0x0000000100000000)
  eden space 10752K, 0% used [0x00000000d5580000,0x00000000d5580000,0x00000000d6000000)
  from space 3584K, 87% used [0x00000000d6100000,0x00000000d6411210,0x00000000d6480000)
  to   space 2560K, 0% used [0x00000000d6480000,0x00000000d6480000,0x00000000d6700000)
 ParOldGen       total 968192K, used 968171K [0x0000000080000000, 0x00000000bb180000, 0x00000000d5580000)
  object space 968192K, 99% used [0x0000000080000000,0x00000000bb17ad58,0x00000000bb180000)
 Metaspace       used 82867K, committed 84672K, reserved 1179648K
  class space    used 8292K, committed 9088K, reserved 1048576K
}
Event: 2688.712 GC heap before
{Heap before GC invocations=2704 (full 5):
 PSYoungGen      total 14336K, used 13251K [0x00000000d5580000, 0x00000000d6700000, 0x0000000100000000)
  eden space 10752K, 94% used [0x00000000d5580000,0x00000000d5f5fde8,0x00000000d6000000)
  from space 3584K, 87% used [0x00000000d6100000,0x00000000d6411210,0x00000000d6480000)
  to   space 2560K, 0% used [0x00000000d6480000,0x00000000d6480000,0x00000000d6700000)
 ParOldGen       total 999936K, used 998891K [0x0000000080000000, 0x00000000bd080000, 0x00000000d5580000)
  object space 999936K, 99% used [0x0000000080000000,0x00000000bcf7ad88,0x00000000bd080000)
 Metaspace       used 82901K, committed 84672K, reserved 1179648K
  class space    used 8292K, committed 9088K, reserved 1048576K
}
Event: 2689.959 GC heap after
{Heap after GC invocations=2704 (full 5):
 PSYoungGen      total 13312K, used 2159K [0x00000000d5580000, 0x00000000d6700000, 0x0000000100000000)
  eden space 10752K, 0% used [0x00000000d5580000,0x00000000d5580000,0x00000000d6000000)
  from space 2560K, 84% used [0x00000000d6480000,0x00000000d669bc18,0x00000000d6700000)
  to   space 3072K, 0% used [0x00000000d6100000,0x00000000d6100000,0x00000000d6400000)
 ParOldGen       total 1001472K, used 1001184K [0x0000000080000000, 0x00000000bd200000, 0x00000000d5580000)
  object space 1001472K, 99% used [0x0000000080000000,0x00000000bd1b8378,0x00000000bd200000)
 Metaspace       used 82901K, committed 84672K, reserved 1179648K
  class space    used 8292K, committed 9088K, reserved 1048576K
}
Event: 2690.257 GC heap before
{Heap before GC invocations=2705 (full 5):
 PSYoungGen      total 13312K, used 12911K [0x00000000d5580000, 0x00000000d6700000, 0x0000000100000000)
  eden space 10752K, 100% used [0x00000000d5580000,0x00000000d6000000,0x00000000d6000000)
  from space 2560K, 84% used [0x00000000d6480000,0x00000000d669bc18,0x00000000d6700000)
  to   space 3072K, 0% used [0x00000000d6100000,0x00000000d6100000,0x00000000d6400000)
 ParOldGen       total 1001472K, used 1001184K [0x0000000080000000, 0x00000000bd200000, 0x00000000d5580000)
  object space 1001472K, 99% used [0x0000000080000000,0x00000000bd1b8378,0x00000000bd200000)
 Metaspace       used 82924K, committed 84672K, reserved 1179648K
  class space    used 8297K, committed 9088K, reserved 1048576K
}
Event: 2692.271 GC heap after
{Heap after GC invocations=2705 (full 5):
 PSYoungGen      total 13824K, used 3069K [0x00000000d5580000, 0x00000000d6700000, 0x0000000100000000)
  eden space 10752K, 0% used [0x00000000d5580000,0x00000000d5580000,0x00000000d6000000)
  from space 3072K, 99% used [0x00000000d6100000,0x00000000d63ff5b8,0x00000000d6400000)
  to   space 2560K, 0% used [0x00000000d6480000,0x00000000d6480000,0x00000000d6700000)
 ParOldGen       total 1005568K, used 1005531K [0x0000000080000000, 0x00000000bd600000, 0x00000000d5580000)
  object space 1005568K, 99% used [0x0000000080000000,0x00000000bd5f6f18,0x00000000bd600000)
 Metaspace       used 82924K, committed 84672K, reserved 1179648K
  class space    used 8297K, committed 9088K, reserved 1048576K
}
Event: 2692.298 GC heap before
{Heap before GC invocations=2706 (full 5):
 PSYoungGen      total 13824K, used 13821K [0x00000000d5580000, 0x00000000d6700000, 0x0000000100000000)
  eden space 10752K, 100% used [0x00000000d5580000,0x00000000d6000000,0x00000000d6000000)
  from space 3072K, 99% used [0x00000000d6100000,0x00000000d63ff5b8,0x00000000d6400000)
  to   space 2560K, 0% used [0x00000000d6480000,0x00000000d6480000,0x00000000d6700000)
 ParOldGen       total 1005568K, used 1005531K [0x0000000080000000, 0x00000000bd600000, 0x00000000d5580000)
  object space 1005568K, 99% used [0x0000000080000000,0x00000000bd5f6f18,0x00000000bd600000)
 Metaspace       used 82924K, committed 84672K, reserved 1179648K
  class space    used 8297K, committed 9088K, reserved 1048576K
}
Event: 2692.302 GC heap after
{Heap after GC invocations=2706 (full 5):
 PSYoungGen      total 13312K, used 992K [0x00000000d5580000, 0x00000000d6700000, 0x0000000100000000)
  eden space 10752K, 0% used [0x00000000d5580000,0x00000000d5580000,0x00000000d6000000)
  from space 2560K, 38% used [0x00000000d6480000,0x00000000d6578020,0x00000000d6700000)
  to   space 3584K, 0% used [0x00000000d6000000,0x00000000d6000000,0x00000000d6380000)
 ParOldGen       total 1009152K, used 1008579K [0x0000000080000000, 0x00000000bd980000, 0x00000000d5580000)
  object space 1009152K, 99% used [0x0000000080000000,0x00000000bd8f0cb0,0x00000000bd980000)
 Metaspace       used 82924K, committed 84672K, reserved 1179648K
  class space    used 8297K, committed 9088K, reserved 1048576K
}
Event: 2692.448 GC heap before
{Heap before GC invocations=2707 (full 5):
 PSYoungGen      total 13312K, used 11744K [0x00000000d5580000, 0x00000000d6700000, 0x0000000100000000)
  eden space 10752K, 100% used [0x00000000d5580000,0x00000000d6000000,0x00000000d6000000)
  from space 2560K, 38% used [0x00000000d6480000,0x00000000d6578020,0x00000000d6700000)
  to   space 3584K, 0% used [0x00000000d6000000,0x00000000d6000000,0x00000000d6380000)
 ParOldGen       total 1009152K, used 1008579K [0x0000000080000000, 0x00000000bd980000, 0x00000000d5580000)
  object space 1009152K, 99% used [0x0000000080000000,0x00000000bd8f0cb0,0x00000000bd980000)
 Metaspace       used 82926K, committed 84672K, reserved 1179648K
  class space    used 8297K, committed 9088K, reserved 1048576K
}
Event: 2692.455 GC heap after
{Heap after GC invocations=2707 (full 5):
 PSYoungGen      total 12288K, used 1504K [0x00000000d5580000, 0x00000000d6500000, 0x0000000100000000)
  eden space 10752K, 0% used [0x00000000d5580000,0x00000000d5580000,0x00000000d6000000)
  from space 1536K, 97% used [0x00000000d6000000,0x00000000d6178020,0x00000000d6180000)
  to   space 2048K, 0% used [0x00000000d6300000,0x00000000d6300000,0x00000000d6500000)
 ParOldGen       total 1009664K, used 1009381K [0x0000000080000000, 0x00000000bda00000, 0x00000000d5580000)
  object space 1009664K, 99% used [0x0000000080000000,0x00000000bd9b9568,0x00000000bda00000)
 Metaspace       used 82926K, committed 84672K, reserved 1179648K
  class space    used 8297K, committed 9088K, reserved 1048576K
}
Event: 2692.525 GC heap before
{Heap before GC invocations=2708 (full 5):
 PSYoungGen      total 12288K, used 12256K [0x00000000d5580000, 0x00000000d6500000, 0x0000000100000000)
  eden space 10752K, 100% used [0x00000000d5580000,0x00000000d6000000,0x00000000d6000000)
  from space 1536K, 97% used [0x00000000d6000000,0x00000000d6178020,0x00000000d6180000)
  to   space 2048K, 0% used [0x00000000d6300000,0x00000000d6300000,0x00000000d6500000)
 ParOldGen       total 1009664K, used 1009381K [0x0000000080000000, 0x00000000bda00000, 0x00000000d5580000)
  object space 1009664K, 99% used [0x0000000080000000,0x00000000bd9b9568,0x00000000bda00000)
 Metaspace       used 82927K, committed 84672K, reserved 1179648K
  class space    used 8297K, committed 9088K, reserved 1048576K
}
Event: 2693.536 GC heap after
{Heap after GC invocations=2708 (full 5):
 PSYoungGen      total 14336K, used 736K [0x00000000d5580000, 0x00000000d6580000, 0x0000000100000000)
  eden space 12288K, 0% used [0x00000000d5580000,0x00000000d5580000,0x00000000d6180000)
  from space 2048K, 35% used [0x00000000d6300000,0x00000000d63b8000,0x00000000d6500000)
  to   space 1536K, 0% used [0x00000000d6180000,0x00000000d6180000,0x00000000d6300000)
 ParOldGen       total 1011200K, used 1010743K [0x0000000080000000, 0x00000000bdb80000, 0x00000000d5580000)
  object space 1011200K, 99% used [0x0000000080000000,0x00000000bdb0dd98,0x00000000bdb80000)
 Metaspace       used 82927K, committed 84672K, reserved 1179648K
  class space    used 8297K, committed 9088K, reserved 1048576K
}
Event: 2693.647 GC heap before
{Heap before GC invocations=2709 (full 5):
 PSYoungGen      total 14336K, used 13024K [0x00000000d5580000, 0x00000000d6580000, 0x0000000100000000)
  eden space 12288K, 100% used [0x00000000d5580000,0x00000000d6180000,0x00000000d6180000)
  from space 2048K, 35% used [0x00000000d6300000,0x00000000d63b8000,0x00000000d6500000)
  to   space 1536K, 0% used [0x00000000d6180000,0x00000000d6180000,0x00000000d6300000)
 ParOldGen       total 1011200K, used 1010743K [0x0000000080000000, 0x00000000bdb80000, 0x00000000d5580000)
  object space 1011200K, 99% used [0x0000000080000000,0x00000000bdb0dd98,0x00000000bdb80000)
 Metaspace       used 82927K, committed 84672K, reserved 1179648K
  class space    used 8297K, committed 9088K, reserved 1048576K
}
Event: 2694.665 GC heap after
{Heap after GC invocations=2709 (full 5):
 PSYoungGen      total 13824K, used 1184K [0x00000000d5580000, 0x00000000d6700000, 0x0000000100000000)
  eden space 12288K, 0% used [0x00000000d5580000,0x00000000d5580000,0x00000000d6180000)
  from space 1536K, 77% used [0x00000000d6180000,0x00000000d62a8020,0x00000000d6300000)
  to   space 1536K, 0% used [0x00000000d6580000,0x00000000d6580000,0x00000000d6700000)
 ParOldGen       total 1011712K, used 1011311K [0x0000000080000000, 0x00000000bdc00000, 0x00000000d5580000)
  object space 1011712K, 99% used [0x0000000080000000,0x00000000bdb9bd98,0x00000000bdc00000)
 Metaspace       used 82927K, committed 84672K, reserved 1179648K
  class space    used 8297K, committed 9088K, reserved 1048576K
}
Event: 2694.776 GC heap before
{Heap before GC invocations=2710 (full 5):
 PSYoungGen      total 13824K, used 13472K [0x00000000d5580000, 0x00000000d6700000, 0x0000000100000000)
  eden space 12288K, 100% used [0x00000000d5580000,0x00000000d6180000,0x00000000d6180000)
  from space 1536K, 77% used [0x00000000d6180000,0x00000000d62a8020,0x00000000d6300000)
  to   space 1536K, 0% used [0x00000000d6580000,0x00000000d6580000,0x00000000d6700000)
 ParOldGen       total 1011712K, used 1011311K [0x0000000080000000, 0x00000000bdc00000, 0x00000000d5580000)
  object space 1011712K, 99% used [0x0000000080000000,0x00000000bdb9bd98,0x00000000bdc00000)
 Metaspace       used 82934K, committed 84672K, reserved 1179648K
  class space    used 8297K, committed 9088K, reserved 1048576K
}
Event: 2694.780 GC heap after
{Heap after GC invocations=2710 (full 5):
 PSYoungGen      total 13824K, used 1520K [0x00000000d5580000, 0x00000000d6780000, 0x0000000100000000)
  eden space 12288K, 0% used [0x00000000d5580000,0x00000000d5580000,0x00000000d6180000)
  from space 1536K, 98% used [0x00000000d6580000,0x00000000d66fc010,0x00000000d6700000)
  to   space 3072K, 0% used [0x00000000d6180000,0x00000000d6180000,0x00000000d6480000)
 ParOldGen       total 1012736K, used 1012466K [0x0000000080000000, 0x00000000bdd00000, 0x00000000d5580000)
  object space 1012736K, 99% used [0x0000000080000000,0x00000000bdcbca50,0x00000000bdd00000)
 Metaspace       used 82934K, committed 84672K, reserved 1179648K
  class space    used 8297K, committed 9088K, reserved 1048576K
}
Event: 2694.865 GC heap before
{Heap before GC invocations=2711 (full 5):
 PSYoungGen      total 13824K, used 13808K [0x00000000d5580000, 0x00000000d6780000, 0x0000000100000000)
  eden space 12288K, 100% used [0x00000000d5580000,0x00000000d6180000,0x00000000d6180000)
  from space 1536K, 98% used [0x00000000d6580000,0x00000000d66fc010,0x00000000d6700000)
  to   space 3072K, 0% used [0x00000000d6180000,0x00000000d6180000,0x00000000d6480000)
 ParOldGen       total 1012736K, used 1012466K [0x0000000080000000, 0x00000000bdd00000, 0x00000000d5580000)
  object space 1012736K, 99% used [0x0000000080000000,0x00000000bdcbca50,0x00000000bdd00000)
 Metaspace       used 82955K, committed 84736K, reserved 1179648K
  class space    used 8297K, committed 9088K, reserved 1048576K
}
Event: 2694.870 GC heap after
{Heap after GC invocations=2711 (full 5):
 PSYoungGen      total 14336K, used 1920K [0x00000000d5580000, 0x00000000d6680000, 0x0000000100000000)
  eden space 12288K, 0% used [0x00000000d5580000,0x00000000d5580000,0x00000000d6180000)
  from space 2048K, 93% used [0x00000000d6180000,0x00000000d6360000,0x00000000d6380000)
  to   space 2560K, 0% used [0x00000000d6400000,0x00000000d6400000,0x00000000d6680000)
 ParOldGen       total 1014272K, used 1013926K [0x0000000080000000, 0x00000000bde80000, 0x00000000d5580000)
  object space 1014272K, 99% used [0x0000000080000000,0x00000000bde29970,0x00000000bde80000)
 Metaspace       used 82955K, committed 84736K, reserved 1179648K
  class space    used 8297K, committed 9088K, reserved 1048576K
}

Dll operation events (14 events):
Event: 0.015 Loaded shared library c:\Users\Admin\.antigravity\extensions\redhat.java-1.54.0-win32-x64\jre\21.0.10-win32-x86_64\bin\java.dll
Event: 0.106 Loaded shared library c:\Users\Admin\.antigravity\extensions\redhat.java-1.54.0-win32-x64\jre\21.0.10-win32-x86_64\bin\zip.dll
Event: 0.131 Loaded shared library C:\Users\Admin\.antigravity\extensions\redhat.java-1.54.0-win32-x64\jre\21.0.10-win32-x86_64\bin\instrument.dll
Event: 0.138 Loaded shared library C:\Users\Admin\.antigravity\extensions\redhat.java-1.54.0-win32-x64\jre\21.0.10-win32-x86_64\bin\net.dll
Event: 0.141 Loaded shared library C:\Users\Admin\.antigravity\extensions\redhat.java-1.54.0-win32-x64\jre\21.0.10-win32-x86_64\bin\nio.dll
Event: 0.146 Loaded shared library C:\Users\Admin\.antigravity\extensions\redhat.java-1.54.0-win32-x64\jre\21.0.10-win32-x86_64\bin\zip.dll
Event: 0.163 Loaded shared library C:\Users\Admin\.antigravity\extensions\redhat.java-1.54.0-win32-x64\jre\21.0.10-win32-x86_64\bin\jimage.dll
Event: 0.258 Loaded shared library c:\Users\Admin\.antigravity\extensions\redhat.java-1.54.0-win32-x64\jre\21.0.10-win32-x86_64\bin\verify.dll
Event: 2.110 Loaded shared library C:\Users\Admin\AppData\Roaming\Antigravity\User\globalStorage\redhat.java\1.54.0\config_win\org.eclipse.equinox.launcher\org.eclipse.equinox.launcher.win32.win32.x86_64_1.3.0.v20260203-2149\eclipse_11919.dll
Event: 10.951 Loaded shared library C:\Users\Admin\.antigravity\extensions\redhat.java-1.54.0-win32-x64\jre\21.0.10-win32-x86_64\bin\management.dll
Event: 10.955 Loaded shared library C:\Users\Admin\.antigravity\extensions\redhat.java-1.54.0-win32-x64\jre\21.0.10-win32-x86_64\bin\management_ext.dll
Event: 12.363 Loaded shared library C:\Users\Admin\AppData\Local\Temp\jna-63116079\jna3254902830249476585.dll
Event: 12.491 Loaded shared library C:\Users\Admin\.antigravity\extensions\redhat.java-1.54.0-win32-x64\jre\21.0.10-win32-x86_64\bin\sunmscapi.dll
Event: 12.922 Loaded shared library C:\Users\Admin\.antigravity\extensions\redhat.java-1.54.0-win32-x64\jre\21.0.10-win32-x86_64\bin\extnet.dll

Deoptimization events (20 events):
Event: 2427.538 Thread 0x00000178fc666450 DEOPT PACKING pc=0x00000178e7dd3b94 sp=0x00000024f93fe460
Event: 2427.538 Thread 0x00000178fc666450 DEOPT UNPACKING pc=0x00000178e76b3aa2 sp=0x00000024f93fe3e0 mode 2
Event: 2427.732 Thread 0x00000178fc665730 DEOPT PACKING pc=0x00000178e0df7ff7 sp=0x00000024fb7fdec0
Event: 2427.732 Thread 0x00000178fc665730 DEOPT UNPACKING pc=0x00000178e76b4242 sp=0x00000024fb7fd3a8 mode 0
Event: 2427.927 Thread 0x00000178fc666450 DEOPT PACKING pc=0x00000178e1472b74 sp=0x00000024f93fe080
Event: 2427.927 Thread 0x00000178fc666450 DEOPT UNPACKING pc=0x00000178e76b4242 sp=0x00000024f93fd4c8 mode 0
Event: 2694.753 Thread 0x00000178fc663cf0 Uncommon trap: trap_request=0xffffff6e fr.pc=0x00000178e882ee28 relative=0x0000000000000d48
Event: 2694.754 Thread 0x00000178fc663cf0 Uncommon trap: reason=loop_limit_check action=maybe_recompile pc=0x00000178e882ee28 method=org.eclipse.jdt.internal.compiler.lookup.SourceTypeBinding.getExactMethod([C[Lorg/eclipse/jdt/internal/compiler/lookup/TypeBinding;Lorg/eclipse/jdt/internal/compile
Event: 2694.755 Thread 0x00000178fc663cf0 DEOPT PACKING pc=0x00000178e882ee28 sp=0x00000024f91fe280
Event: 2694.755 Thread 0x00000178fc663cf0 DEOPT UNPACKING pc=0x00000178e76b3aa2 sp=0x00000024f91fe1f0 mode 2
Event: 2694.807 Thread 0x00000178fe95fab0 DEOPT PACKING pc=0x00000178e0504af7 sp=0x00000024f78fda60
Event: 2694.808 Thread 0x00000178fe95fab0 DEOPT UNPACKING pc=0x00000178e76b4242 sp=0x00000024f78fcef0 mode 0
Event: 2694.843 Thread 0x00000178fc663cf0 Uncommon trap: trap_request=0xffffff76 fr.pc=0x00000178e882b024 relative=0x0000000000001484
Event: 2694.843 Thread 0x00000178fc663cf0 Uncommon trap: reason=predicate action=maybe_recompile pc=0x00000178e882b024 method=org.eclipse.jdt.internal.compiler.lookup.BinaryTypeBinding.createFields([Lorg/eclipse/jdt/internal/compiler/env/IBinaryField;Lorg/eclipse/jdt/internal/compiler/env/IBinary
Event: 2694.843 Thread 0x00000178fc663cf0 DEOPT PACKING pc=0x00000178e882b024 sp=0x00000024f91fe5b0
Event: 2694.844 Thread 0x00000178fc663cf0 DEOPT UNPACKING pc=0x00000178e76b3aa2 sp=0x00000024f91fe518 mode 2
Event: 2695.092 Thread 0x00000178fe95fab0 Uncommon trap: trap_request=0xffffffd6 fr.pc=0x00000178e7f17cc8 relative=0x00000000000001a8
Event: 2695.092 Thread 0x00000178fe95fab0 Uncommon trap: reason=array_check action=maybe_recompile pc=0x00000178e7f17cc8 method=java.util.Arrays.fill([Ljava/lang/Object;IILjava/lang/Object;)V @ 20 c2
Event: 2695.092 Thread 0x00000178fe95fab0 DEOPT PACKING pc=0x00000178e7f17cc8 sp=0x00000024f78feb30
Event: 2695.092 Thread 0x00000178fe95fab0 DEOPT UNPACKING pc=0x00000178e76b3aa2 sp=0x00000024f78fead8 mode 2

Classes loaded (20 events):
Event: 1771.117 Loading class jdk/internal/module/IllegalAccessLogger
Event: 1771.117 Loading class jdk/internal/module/IllegalAccessLogger done
Event: 1790.432 Loading class jdk/internal/module/IllegalAccessLogger
Event: 1790.433 Loading class jdk/internal/module/IllegalAccessLogger done
Event: 1803.076 Loading class jdk/internal/module/IllegalAccessLogger
Event: 1803.076 Loading class jdk/internal/module/IllegalAccessLogger done
Event: 2029.121 Loading class jdk/internal/module/IllegalAccessLogger
Event: 2029.126 Loading class jdk/internal/module/IllegalAccessLogger done
Event: 2389.250 Loading class jdk/internal/module/IllegalAccessLogger
Event: 2389.254 Loading class jdk/internal/module/IllegalAccessLogger done
Event: 2396.075 Loading class jdk/internal/module/IllegalAccessLogger
Event: 2396.075 Loading class jdk/internal/module/IllegalAccessLogger done
Event: 2405.271 Loading class jdk/internal/module/IllegalAccessLogger
Event: 2405.271 Loading class jdk/internal/module/IllegalAccessLogger done
Event: 2420.695 Loading class jdk/internal/module/IllegalAccessLogger
Event: 2420.697 Loading class jdk/internal/module/IllegalAccessLogger done
Event: 2427.677 Loading class jdk/internal/module/IllegalAccessLogger
Event: 2427.677 Loading class jdk/internal/module/IllegalAccessLogger done
Event: 2693.595 Loading class jdk/internal/module/IllegalAccessLogger
Event: 2693.600 Loading class jdk/internal/module/IllegalAccessLogger done

Classes unloaded (20 events):
Event: 1762.630 Thread 0x00000178dcfcea40 Unloading class 0x000001788189a000 'org/apache/maven/shared/filtering/MavenReaderFilterRequest'
Event: 1762.630 Thread 0x00000178dcfcea40 Unloading class 0x0000017881899cd0 'org/apache/maven/shared/filtering/MavenFileFilterRequest'
Event: 1762.630 Thread 0x00000178dcfcea40 Unloading class 0x0000017881899ad0 'org/codehaus/plexus/interpolation/Interpolator'
Event: 1762.630 Thread 0x00000178dcfcea40 Unloading class 0x00000178818998d0 'org/codehaus/plexus/interpolation/BasicInterpolator'
Event: 1762.630 Thread 0x00000178dcfcea40 Unloading class 0x00000178818996d0 'org/codehaus/plexus/interpolation/ValueSource'
Event: 1762.630 Thread 0x00000178dcfcea40 Unloading class 0x0000017881899308 'org/apache/maven/shared/filtering/MavenResourcesExecution'
Event: 1762.630 Thread 0x00000178dcfcea40 Unloading class 0x0000017881899030 'org/apache/maven/shared/filtering/AbstractMavenFilteringRequest'
Event: 1762.630 Thread 0x00000178dcfcea40 Unloading class 0x0000017881898dd0 'org/apache/maven/shared/filtering/MavenFilteringException'
Event: 1762.630 Thread 0x00000178dcfcea40 Unloading class 0x0000017881898b80 'org/apache/maven/shared/filtering/DefaultMavenResourcesFiltering'
Event: 1762.630 Thread 0x00000178dcfcea40 Unloading class 0x0000017881898980 'org/apache/maven/shared/filtering/MavenResourcesFiltering'
Event: 1762.630 Thread 0x00000178dcfcea40 Unloading class 0x00000178818986f0 'org/apache/maven/shared/filtering/DefaultMavenReaderFilter'
Event: 1762.630 Thread 0x00000178dcfcea40 Unloading class 0x00000178818984f0 'org/apache/maven/shared/filtering/MavenReaderFilter'
Event: 1762.630 Thread 0x00000178dcfcea40 Unloading class 0x0000017881898250 'org/apache/maven/shared/filtering/DefaultMavenFileFilter'
Event: 1762.630 Thread 0x00000178dcfcea40 Unloading class 0x0000017881898000 'org/apache/maven/shared/filtering/BaseFilter'
Event: 1762.630 Thread 0x00000178dcfcea40 Unloading class 0x000001788188fdb8 'org/apache/maven/shared/filtering/MavenFileFilter'
Event: 1762.630 Thread 0x00000178dcfcea40 Unloading class 0x000001788188fbb8 'org/apache/maven/shared/filtering/DefaultFilterInfo'
Event: 1762.630 Thread 0x00000178dcfcea40 Unloading class 0x000001788188f8a8 'org/apache/maven/plugins/resources/TestResourcesMojo'
Event: 1762.631 Thread 0x00000178dcfcea40 Unloading class 0x000001788188f620 'org/apache/maven/plugins/maven_resources_plugin/HelpMojo'
Event: 1762.631 Thread 0x00000178dcfcea40 Unloading class 0x000001788188f310 'org/apache/maven/plugins/resources/CopyResourcesMojo'
Event: 1762.631 Thread 0x00000178dcfcea40 Unloading class 0x000001788188f000 'org/apache/maven/plugins/resources/ResourcesMojo'

Classes redefined (0 events):
No events

Internal exceptions (20 events):
Event: 1802.414 Thread 0x00000178fa51ea30 Exception <a 'sun/nio/fs/WindowsException'{0x00000000d56be258}> (0x00000000d56be258) 
thrown [s\src\hotspot\share\prims\jni.cpp, line 520]
Event: 1803.442 Thread 0x00000178fa51ea30 Exception <a 'sun/nio/fs/WindowsException'{0x00000000d56de3d0}> (0x00000000d56de3d0) 
thrown [s\src\hotspot\share\prims\jni.cpp, line 520]
Event: 2027.132 Thread 0x00000178fd56cbd0 Exception <a 'sun/nio/fs/WindowsException'{0x00000000d5be21a8}> (0x00000000d5be21a8) 
thrown [s\src\hotspot\share\prims\jni.cpp, line 520]
Event: 2027.141 Thread 0x00000178fd56cbd0 Exception <a 'sun/nio/fs/WindowsException'{0x00000000d5be2f58}> (0x00000000d5be2f58) 
thrown [s\src\hotspot\share\prims\jni.cpp, line 520]
Event: 2387.094 Thread 0x00000178fa51ea30 Exception <a 'sun/nio/fs/WindowsException'{0x00000000d57f6fd8}> (0x00000000d57f6fd8) 
thrown [s\src\hotspot\share\prims\jni.cpp, line 520]
Event: 2387.926 Thread 0x00000178fa51ea30 Exception <a 'sun/nio/fs/WindowsException'{0x00000000d571ac50}> (0x00000000d571ac50) 
thrown [s\src\hotspot\share\prims\jni.cpp, line 520]
Event: 2390.233 Thread 0x00000178fa51ea30 Exception <a 'sun/nio/fs/WindowsException'{0x00000000d5772f80}> (0x00000000d5772f80) 
thrown [s\src\hotspot\share\prims\jni.cpp, line 520]
Event: 2390.568 Thread 0x00000178fa51ea30 Exception <a 'sun/nio/fs/WindowsException'{0x00000000d5763cc0}> (0x00000000d5763cc0) 
thrown [s\src\hotspot\share\prims\jni.cpp, line 520]
Event: 2395.499 Thread 0x00000178fa51ea30 Exception <a 'sun/nio/fs/WindowsException'{0x00000000d58723e0}> (0x00000000d58723e0) 
thrown [s\src\hotspot\share\prims\jni.cpp, line 520]
Event: 2395.909 Thread 0x00000178fa51ea30 Exception <a 'sun/nio/fs/WindowsException'{0x00000000d55805a0}> (0x00000000d55805a0) 
thrown [s\src\hotspot\share\prims\jni.cpp, line 520]
Event: 2396.188 Thread 0x00000178fe95fab0 Implicit null exception at 0x00000178e7ee4144 to 0x00000178e7ee490c
Event: 2404.919 Thread 0x00000178fa51ea30 Exception <a 'sun/nio/fs/WindowsException'{0x00000000d58649a8}> (0x00000000d58649a8) 
thrown [s\src\hotspot\share\prims\jni.cpp, line 520]
Event: 2405.595 Thread 0x00000178fa51ea30 Exception <a 'sun/nio/fs/WindowsException'{0x00000000d58534f8}> (0x00000000d58534f8) 
thrown [s\src\hotspot\share\prims\jni.cpp, line 520]
Event: 2419.999 Thread 0x00000178fa51ea30 Exception <a 'sun/nio/fs/WindowsException'{0x00000000d58475d8}> (0x00000000d58475d8) 
thrown [s\src\hotspot\share\prims\jni.cpp, line 520]
Event: 2421.268 Thread 0x00000178fa51ea30 Exception <a 'sun/nio/fs/WindowsException'{0x00000000d55807c0}> (0x00000000d55807c0) 
thrown [s\src\hotspot\share\prims\jni.cpp, line 520]
Event: 2421.290 Thread 0x00000178fc665730 Implicit null exception at 0x00000178e883cfb9 to 0x00000178e883d788
Event: 2427.275 Thread 0x00000178fa51ea30 Exception <a 'sun/nio/fs/WindowsException'{0x00000000d55e0dd8}> (0x00000000d55e0dd8) 
thrown [s\src\hotspot\share\prims\jni.cpp, line 520]
Event: 2428.004 Thread 0x00000178fa51ea30 Exception <a 'sun/nio/fs/WindowsException'{0x00000000d5831ca8}> (0x00000000d5831ca8) 
thrown [s\src\hotspot\share\prims\jni.cpp, line 520]
Event: 2687.633 Thread 0x00000178fe95f420 Exception <a 'sun/nio/fs/WindowsException'{0x00000000d5c70538}> (0x00000000d5c70538) 
thrown [s\src\hotspot\share\prims\jni.cpp, line 520]
Event: 2687.643 Thread 0x00000178fe95f420 Exception <a 'sun/nio/fs/WindowsException'{0x00000000d5c71070}> (0x00000000d5c71070) 
thrown [s\src\hotspot\share\prims\jni.cpp, line 520]

ZGC Phase Switch (0 events):
No events

VM Operations (20 events):
Event: 2688.267 Executing safepoint VM operation: Cleanup
Event: 2688.271 Executing safepoint VM operation: Cleanup done
Event: 2688.710 Executing safepoint VM operation: ParallelGCFailedAllocation (Allocation Failure)
Event: 2689.959 Executing safepoint VM operation: ParallelGCFailedAllocation (Allocation Failure) done
Event: 2690.257 Executing safepoint VM operation: ParallelGCFailedAllocation (Allocation Failure)
Event: 2692.271 Executing safepoint VM operation: ParallelGCFailedAllocation (Allocation Failure) done
Event: 2692.298 Executing safepoint VM operation: ParallelGCFailedAllocation (Allocation Failure)
Event: 2692.302 Executing safepoint VM operation: ParallelGCFailedAllocation (Allocation Failure) done
Event: 2692.448 Executing safepoint VM operation: ParallelGCFailedAllocation (Allocation Failure)
Event: 2692.455 Executing safepoint VM operation: ParallelGCFailedAllocation (Allocation Failure) done
Event: 2692.525 Executing safepoint VM operation: ParallelGCFailedAllocation (Allocation Failure)
Event: 2693.536 Executing safepoint VM operation: ParallelGCFailedAllocation (Allocation Failure) done
Event: 2693.647 Executing safepoint VM operation: ParallelGCFailedAllocation (Allocation Failure)
Event: 2694.665 Executing safepoint VM operation: ParallelGCFailedAllocation (Allocation Failure) done
Event: 2694.776 Executing safepoint VM operation: ParallelGCFailedAllocation (Allocation Failure)
Event: 2694.780 Executing safepoint VM operation: ParallelGCFailedAllocation (Allocation Failure) done
Event: 2694.865 Executing safepoint VM operation: ParallelGCFailedAllocation (Allocation Failure)
Event: 2694.870 Executing safepoint VM operation: ParallelGCFailedAllocation (Allocation Failure) done
Event: 2696.883 Executing safepoint VM operation: Cleanup
Event: 2696.883 Executing safepoint VM operation: Cleanup done

Memory protections (0 events):
No events

Nmethod flushes (20 events):
Event: 1764.179 Thread 0x00000178dcfcea40 flushing  nmethod 0x00000178e24fde90
Event: 1764.179 Thread 0x00000178dcfcea40 flushing  nmethod 0x00000178e2510f10
Event: 1764.179 Thread 0x00000178dcfcea40 flushing  nmethod 0x00000178e2519690
Event: 1764.179 Thread 0x00000178dcfcea40 flushing  nmethod 0x00000178e252f190
Event: 1764.179 Thread 0x00000178dcfcea40 flushing  nmethod 0x00000178e2587b10
Event: 1764.179 Thread 0x00000178dcfcea40 flushing  nmethod 0x00000178e258b610
Event: 1764.179 Thread 0x00000178dcfcea40 flushing  nmethod 0x00000178e258c290
Event: 1764.179 Thread 0x00000178dcfcea40 flushing  nmethod 0x00000178e258d710
Event: 1764.179 Thread 0x00000178dcfcea40 flushing  nmethod 0x00000178e258e910
Event: 1764.179 Thread 0x00000178dcfcea40 flushing  nmethod 0x00000178e25d2f10
Event: 1764.179 Thread 0x00000178dcfcea40 flushing  nmethod 0x00000178e25f9390
Event: 1764.179 Thread 0x00000178dcfcea40 flushing  nmethod 0x00000178e2611510
Event: 1764.180 Thread 0x00000178dcfcea40 flushing  nmethod 0x00000178e2651790
Event: 1764.180 Thread 0x00000178dcfcea40 flushing osr nmethod 0x00000178e268ce10
Event: 1764.180 Thread 0x00000178dcfcea40 flushing  nmethod 0x00000178e268ef90
Event: 1764.180 Thread 0x00000178dcfcea40 flushing  nmethod 0x00000178e279ae10
Event: 1764.180 Thread 0x00000178dcfcea40 flushing  nmethod 0x00000178e279b490
Event: 1764.180 Thread 0x00000178dcfcea40 flushing  nmethod 0x00000178e27f9610
Event: 1764.180 Thread 0x00000178dcfcea40 flushing  nmethod 0x00000178e28a4610
Event: 1764.180 Thread 0x00000178dcfcea40 flushing  nmethod 0x00000178e29a1110

Events (20 events):
Event: 2388.043 Thread 0x00000178fd56cbd0 Thread added: 0x00000178fc662fd0
Event: 2388.043 Thread 0x00000178fd56cbd0 Thread added: 0x00000178fc65fb50
Event: 2388.044 Thread 0x00000178fd56cbd0 Thread added: 0x00000178fc664380
Event: 2388.045 Thread 0x00000178fd56cbd0 Thread added: 0x00000178fc663660
Event: 2389.264 Thread 0x00000178fd56cbd0 Thread added: 0x00000178fc665730
Event: 2415.789 Thread 0x00000178fd569de0 Thread exited: 0x00000178fd569de0
Event: 2421.659 Thread 0x00000178fe95f420 Thread added: 0x00000178fc666450
Event: 2427.898 Thread 0x00000178fe95f420 Thread added: 0x00000178fc663cf0
Event: 2475.815 Thread 0x00000178fd570050 Thread exited: 0x00000178fd570050
Event: 2487.932 Thread 0x00000178fc665730 Thread exited: 0x00000178fc665730
Event: 2488.145 Thread 0x00000178fe95ed90 Thread exited: 0x00000178fe95ed90
Event: 2488.148 Thread 0x00000178fc663cf0 Thread exited: 0x00000178fc663cf0
Event: 2488.149 Thread 0x00000178fc666450 Thread exited: 0x00000178fc666450
Event: 2488.534 Thread 0x00000178fd56cbd0 Thread exited: 0x00000178fd56cbd0
Event: 2687.476 Thread 0x00000178fe95f420 Thread added: 0x00000178fc666450
Event: 2687.527 Thread 0x00000178fc666450 Thread exited: 0x00000178fc666450
Event: 2687.671 Thread 0x00000178fe95f420 Thread added: 0x00000178fc666450
Event: 2687.680 Thread 0x00000178fc666450 Thread exited: 0x00000178fc666450
Event: 2689.962 Thread 0x00000178fe95f420 Thread added: 0x00000178fc666450
Event: 2693.604 Thread 0x00000178fe95fab0 Thread added: 0x00000178fc663cf0


Dynamic libraries:
0x00007ff6feb10000 - 0x00007ff6feb1e000 	c:\Users\Admin\.antigravity\extensions\redhat.java-1.54.0-win32-x64\jre\21.0.10-win32-x86_64\bin\java.exe
0x00007ffa4c160000 - 0x00007ffa4c3c7000 	C:\WINDOWS\SYSTEM32\ntdll.dll
0x00007ffa49ef0000 - 0x00007ffa49fb9000 	C:\WINDOWS\System32\KERNEL32.DLL
0x00007ffa494c0000 - 0x00007ffa498b4000 	C:\WINDOWS\System32\KERNELBASE.dll
0x00007ffa49950000 - 0x00007ffa49a9b000 	C:\WINDOWS\System32\ucrtbase.dll
0x00007ffa2f9f0000 - 0x00007ffa2fa08000 	c:\Users\Admin\.antigravity\extensions\redhat.java-1.54.0-win32-x64\jre\21.0.10-win32-x86_64\bin\jli.dll
0x00007ffa2f9d0000 - 0x00007ffa2f9ee000 	c:\Users\Admin\.antigravity\extensions\redhat.java-1.54.0-win32-x64\jre\21.0.10-win32-x86_64\bin\VCRUNTIME140.dll
0x00007ffa4b120000 - 0x00007ffa4b2e5000 	C:\WINDOWS\System32\USER32.dll
0x00007ffa48c20000 - 0x00007ffa48c47000 	C:\WINDOWS\System32\win32u.dll
0x00007ffa2b010000 - 0x00007ffa2b2a3000 	C:\WINDOWS\WinSxS\amd64_microsoft.windows.common-controls_6595b64144ccf1df_6.0.26100.8115_none_3e075c82e3354f9c\COMCTL32.dll
0x00007ffa4c020000 - 0x00007ffa4c04b000 	C:\WINDOWS\System32\GDI32.dll
0x00007ffa4b7d0000 - 0x00007ffa4b879000 	C:\WINDOWS\System32\msvcrt.dll
0x00007ffa48af0000 - 0x00007ffa48c1b000 	C:\WINDOWS\System32\gdi32full.dll
0x00007ffa49e40000 - 0x00007ffa49ee3000 	C:\WINDOWS\System32\msvcp_win.dll
0x00007ffa4b780000 - 0x00007ffa4b7b2000 	C:\WINDOWS\System32\IMM32.DLL
0x00007ffa46200000 - 0x00007ffa4620c000 	c:\Users\Admin\.antigravity\extensions\redhat.java-1.54.0-win32-x64\jre\21.0.10-win32-x86_64\bin\vcruntime140_1.dll
0x00007ff9fb380000 - 0x00007ff9fb40d000 	c:\Users\Admin\.antigravity\extensions\redhat.java-1.54.0-win32-x64\jre\21.0.10-win32-x86_64\bin\msvcp140.dll
0x00007ff9d6e80000 - 0x00007ff9d7c21000 	c:\Users\Admin\.antigravity\extensions\redhat.java-1.54.0-win32-x64\jre\21.0.10-win32-x86_64\bin\server\jvm.dll
0x00007ffa4b880000 - 0x00007ffa4b936000 	C:\WINDOWS\System32\ADVAPI32.dll
0x00007ffa4ab60000 - 0x00007ffa4ac07000 	C:\WINDOWS\System32\sechost.dll
0x00007ffa4a160000 - 0x00007ffa4a278000 	C:\WINDOWS\System32\RPCRT4.dll
0x00007ffa4ac90000 - 0x00007ffa4ad10000 	C:\WINDOWS\System32\WS2_32.dll
0x00007ffa48890000 - 0x00007ffa488ee000 	C:\WINDOWS\SYSTEM32\POWRPROF.dll
0x00007ffa40bb0000 - 0x00007ffa40be6000 	C:\WINDOWS\SYSTEM32\WINMM.dll
0x00007ffa40bf0000 - 0x00007ffa40bfb000 	C:\WINDOWS\SYSTEM32\VERSION.dll
0x00007ffa48870000 - 0x00007ffa48884000 	C:\WINDOWS\SYSTEM32\UMPDC.dll
0x00007ffa47780000 - 0x00007ffa4779b000 	C:\WINDOWS\SYSTEM32\kernel.appcore.dll
0x00007ffa3e150000 - 0x00007ffa3e15a000 	c:\Users\Admin\.antigravity\extensions\redhat.java-1.54.0-win32-x64\jre\21.0.10-win32-x86_64\bin\jimage.dll
0x00007ffa377b0000 - 0x00007ffa379f2000 	C:\WINDOWS\SYSTEM32\DBGHELP.DLL
0x00007ffa4bb20000 - 0x00007ffa4bea2000 	C:\WINDOWS\System32\combase.dll
0x00007ffa4ad30000 - 0x00007ffa4ae08000 	C:\WINDOWS\System32\OLEAUT32.dll
0x00007ffa37a00000 - 0x00007ffa37a3b000 	C:\WINDOWS\SYSTEM32\dbgcore.DLL
0x00007ffa49d90000 - 0x00007ffa49e35000 	C:\WINDOWS\System32\bcryptPrimitives.dll
0x00007ffa3ddc0000 - 0x00007ffa3ddcf000 	c:\Users\Admin\.antigravity\extensions\redhat.java-1.54.0-win32-x64\jre\21.0.10-win32-x86_64\bin\instrument.dll
0x00007ffa2a9f0000 - 0x00007ffa2aa10000 	c:\Users\Admin\.antigravity\extensions\redhat.java-1.54.0-win32-x64\jre\21.0.10-win32-x86_64\bin\java.dll
0x00007ffa4a3f0000 - 0x00007ffa4ab57000 	C:\WINDOWS\System32\SHELL32.dll
0x00007ffa49aa0000 - 0x00007ffa49c0a000 	C:\WINDOWS\System32\wintypes.dll
0x00007ffa48c50000 - 0x00007ffa494b8000 	C:\WINDOWS\System32\windows.storage.dll
0x00007ffa4bf20000 - 0x00007ffa4c018000 	C:\WINDOWS\System32\SHCORE.dll
0x00007ffa4a280000 - 0x00007ffa4a2e6000 	C:\WINDOWS\System32\shlwapi.dll
0x00007ffa48950000 - 0x00007ffa48979000 	C:\WINDOWS\SYSTEM32\profapi.dll
0x00007ffa28cd0000 - 0x00007ffa28ce8000 	c:\Users\Admin\.antigravity\extensions\redhat.java-1.54.0-win32-x64\jre\21.0.10-win32-x86_64\bin\zip.dll
0x00007ffa3dcc0000 - 0x00007ffa3dcd0000 	C:\Users\Admin\.antigravity\extensions\redhat.java-1.54.0-win32-x64\jre\21.0.10-win32-x86_64\bin\net.dll
0x00007ffa41410000 - 0x00007ffa4153d000 	C:\WINDOWS\SYSTEM32\WINHTTP.dll
0x00007ffa47cd0000 - 0x00007ffa47d3c000 	C:\WINDOWS\system32\mswsock.dll
0x00007ffa28cb0000 - 0x00007ffa28cc6000 	C:\Users\Admin\.antigravity\extensions\redhat.java-1.54.0-win32-x64\jre\21.0.10-win32-x86_64\bin\nio.dll
0x00007ffa3dc50000 - 0x00007ffa3dc60000 	c:\Users\Admin\.antigravity\extensions\redhat.java-1.54.0-win32-x64\jre\21.0.10-win32-x86_64\bin\verify.dll
0x00007ff9fb330000 - 0x00007ff9fb375000 	C:\Users\Admin\AppData\Roaming\Antigravity\User\globalStorage\redhat.java\1.54.0\config_win\org.eclipse.equinox.launcher\org.eclipse.equinox.launcher.win32.win32.x86_64_1.3.0.v20260203-2149\eclipse_11919.dll
0x00007ffa49fc0000 - 0x00007ffa4a157000 	C:\WINDOWS\System32\ole32.dll
0x00007ffa36ec0000 - 0x00007ffa36eca000 	C:\Users\Admin\.antigravity\extensions\redhat.java-1.54.0-win32-x64\jre\21.0.10-win32-x86_64\bin\management.dll
0x00007ffa355d0000 - 0x00007ffa355dc000 	C:\Users\Admin\.antigravity\extensions\redhat.java-1.54.0-win32-x64\jre\21.0.10-win32-x86_64\bin\management_ext.dll
0x00007ffa4b7c0000 - 0x00007ffa4b7c8000 	C:\WINDOWS\System32\PSAPI.DLL
0x00007ffa480d0000 - 0x00007ffa480eb000 	C:\WINDOWS\SYSTEM32\CRYPTSP.dll
0x00007ffa476e0000 - 0x00007ffa47719000 	C:\WINDOWS\system32\rsaenh.dll
0x00007ffa47d80000 - 0x00007ffa47db3000 	C:\WINDOWS\SYSTEM32\USERENV.dll
0x00007ffa48920000 - 0x00007ffa4894a000 	C:\WINDOWS\SYSTEM32\bcrypt.dll
0x00007ffa47f30000 - 0x00007ffa47f3c000 	C:\WINDOWS\SYSTEM32\CRYPTBASE.dll
0x00007ffa470e0000 - 0x00007ffa47112000 	C:\WINDOWS\SYSTEM32\IPHLPAPI.DLL
0x00007ffa4ad20000 - 0x00007ffa4ad2a000 	C:\WINDOWS\System32\NSI.dll
0x00007ffa28d80000 - 0x00007ffa28dc9000 	C:\Users\Admin\AppData\Local\Temp\jna-63116079\jna3254902830249476585.dll
0x00007ffa41db0000 - 0x00007ffa41dcd000 	C:\WINDOWS\SYSTEM32\dhcpcsvc6.DLL
0x00007ffa41d80000 - 0x00007ffa41da5000 	C:\WINDOWS\SYSTEM32\dhcpcsvc.DLL
0x00007ffa34360000 - 0x00007ffa3436e000 	C:\Users\Admin\.antigravity\extensions\redhat.java-1.54.0-win32-x64\jre\21.0.10-win32-x86_64\bin\sunmscapi.dll
0x00007ffa49c10000 - 0x00007ffa49d87000 	C:\WINDOWS\System32\CRYPT32.dll
0x00007ffa48230000 - 0x00007ffa48260000 	C:\WINDOWS\SYSTEM32\ncrypt.dll
0x00007ffa481e0000 - 0x00007ffa4821f000 	C:\WINDOWS\SYSTEM32\NTASN1.dll
0x00007ffa47120000 - 0x00007ffa47252000 	C:\WINDOWS\SYSTEM32\DNSAPI.dll
0x00007ffa3e2a0000 - 0x00007ffa3e2ab000 	C:\Windows\System32\rasadhlp.dll
0x00007ffa3d810000 - 0x00007ffa3d896000 	C:\WINDOWS\System32\fwpuclnt.dll
0x00007ffa34290000 - 0x00007ffa34299000 	C:\Users\Admin\.antigravity\extensions\redhat.java-1.54.0-win32-x64\jre\21.0.10-win32-x86_64\bin\extnet.dll

JVMTI agents:
c:\Users\Admin\.antigravity\extensions\redhat.java-1.54.0-win32-x64\lombok\lombok-1.18.39-4050.jar path:c:\Users\Admin\.antigravity\extensions\redhat.java-1.54.0-win32-x64\jre\21.0.10-win32-x86_64\bin\instrument.dll, loaded, initialized, instrumentlib options:none

dbghelp: loaded successfully - version: 4.0.5 - missing functions: none
symbol engine: initialized successfully - sym options: 0x614 - pdb path: .;c:\Users\Admin\.antigravity\extensions\redhat.java-1.54.0-win32-x64\jre\21.0.10-win32-x86_64\bin;C:\WINDOWS\SYSTEM32;C:\WINDOWS\WinSxS\amd64_microsoft.windows.common-controls_6595b64144ccf1df_6.0.26100.8115_none_3e075c82e3354f9c;c:\Users\Admin\.antigravity\extensions\redhat.java-1.54.0-win32-x64\jre\21.0.10-win32-x86_64\bin\server;C:\Users\Admin\AppData\Roaming\Antigravity\User\globalStorage\redhat.java\1.54.0\config_win\org.eclipse.equinox.launcher\org.eclipse.equinox.launcher.win32.win32.x86_64_1.3.0.v20260203-2149;C:\Users\Admin\AppData\Local\Temp\jna-63116079

VM Arguments:
jvm_args: --add-modules=ALL-SYSTEM --add-opens=java.base/java.util=ALL-UNNAMED --add-opens=java.base/java.lang=ALL-UNNAMED --add-opens=java.base/sun.nio.fs=ALL-UNNAMED -Declipse.application=org.eclipse.jdt.ls.core.id1 -Dosgi.bundles.defaultStartLevel=4 -Declipse.product=org.eclipse.jdt.ls.core.product -Djava.import.generatesMetadataFilesAtProjectRoot=false -DDetectVMInstallationsJob.disabled=true -Dfile.encoding=utf8 -XX:+UseParallelGC -XX:GCTimeRatio=4 -XX:AdaptiveSizePolicyWeight=90 -Dsun.zip.disableMemoryMapping=true -Xmx2G -Xms100m -Xlog:disable -javaagent:c:\Users\Admin\.antigravity\extensions\redhat.java-1.54.0-win32-x64\lombok\lombok-1.18.39-4050.jar -XX:+HeapDumpOnOutOfMemoryError -XX:HeapDumpPath=c:\Users\Admin\AppData\Roaming\Antigravity\User\workspaceStorage\9c3ab5a5d9417d760d64608dbbaf5066\redhat.java -Daether.dependencyCollector.impl=bf 
java_command: c:\Users\Admin\.antigravity\extensions\redhat.java-1.54.0-win32-x64\server\plugins\org.eclipse.equinox.launcher_1.7.100.v20251111-0406.jar -configuration c:\Users\Admin\AppData\Roaming\Antigravity\User\globalStorage\redhat.java\1.54.0\config_win -data c:\Users\Admin\AppData\Roaming\Antigravity\User\workspaceStorage\9c3ab5a5d9417d760d64608dbbaf5066\redhat.java\jdt_ws --pipe=\\.\pipe\lsp-d61ee702f4f5d314febf737ba9a861fa-sock
java_class_path (initial): c:\Users\Admin\.antigravity\extensions\redhat.java-1.54.0-win32-x64\server\plugins\org.eclipse.equinox.launcher_1.7.100.v20251111-0406.jar
Launcher Type: SUN_STANDARD

[Global flags]
    uintx AdaptiveSizePolicyWeight                 = 90                                        {product} {command line}
     intx CICompilerCount                          = 4                                         {product} {ergonomic}
    uintx GCTimeRatio                              = 4                                         {product} {command line}
     bool HeapDumpOnOutOfMemoryError               = true                                   {manageable} {command line}
    ccstr HeapDumpPath                             = c:\Users\Admin\AppData\Roaming\Antigravity\User\workspaceStorage\9c3ab5a5d9417d760d64608dbbaf5066\redhat.java         {manageable} {command line}
   size_t InitialHeapSize                          = 104857600                                 {product} {command line}
   size_t MaxHeapSize                              = 2147483648                                {product} {command line}
   size_t MaxNewSize                               = 715653120                                 {product} {ergonomic}
   size_t MinHeapDeltaBytes                        = 524288                                    {product} {ergonomic}
   size_t MinHeapSize                              = 104857600                                 {product} {command line}
   size_t NewSize                                  = 34603008                                  {product} {ergonomic}
    uintx NonNMethodCodeHeapSize                   = 5839372                                {pd product} {ergonomic}
    uintx NonProfiledCodeHeapSize                  = 122909434                              {pd product} {ergonomic}
   size_t OldSize                                  = 70254592                                  {product} {ergonomic}
    uintx ProfiledCodeHeapSize                     = 122909434                              {pd product} {ergonomic}
    uintx ReservedCodeCacheSize                    = 251658240                              {pd product} {ergonomic}
     bool SegmentedCodeCache                       = true                                      {product} {ergonomic}
   size_t SoftMaxHeapSize                          = 2147483648                             {manageable} {ergonomic}
     bool UseCompressedOops                        = true                           {product lp64_product} {ergonomic}
     bool UseLargePagesIndividualAllocation        = false                                  {pd product} {ergonomic}
     bool UseParallelGC                            = true                                      {product} {command line}

Logging:
Log output configuration:
 #0: stdout all=off uptime,level,tags foldmultilines=false
 #1: stderr all=off uptime,level,tags foldmultilines=false

Release file:
JAVA_VERSION="21.0.10" 
MODULES="java.base java.compiler java.datatransfer java.xml java.prefs java.desktop java.instrument java.logging java.management java.security.sasl java.naming java.rmi java.management.rmi java.net.http java.scripting java.security.jgss java.transaction.xa java.sql java.sql.rowset java.xml.crypto java.se java.smartcardio jdk.accessibility jdk.internal.jvmstat jdk.attach jdk.charsets jdk.internal.opt jdk.zipfs jdk.compiler jdk.crypto.ec jdk.crypto.cryptoki jdk.crypto.mscapi jdk.dynalink jdk.internal.ed jdk.editpad jdk.hotspot.agent jdk.httpserver jdk.internal.le jdk.internal.vm.ci jdk.internal.vm.compiler jdk.internal.vm.compiler.management jdk.jartool jdk.javadoc jdk.jcmd jdk.management jdk.management.agent jdk.jconsole jdk.jdeps jdk.jdwp.agent jdk.jdi jdk.jfr jdk.jshell jdk.jsobject jdk.jstatd jdk.localedata jdk.management.jfr jdk.naming.dns jdk.naming.rmi jdk.net jdk.nio.mapmode jdk.random jdk.sctp jdk.security.auth jdk.security.jgss jdk.unsupported jdk.unsupported.desktop jdk.xml.dom" 

Environment Variables:
PATH=C:\Program Files\Common Files\Oracle\Java\javapath;C:\WINDOWS\system32;C:\WINDOWS;C:\WINDOWS\System32\Wbem;C:\WINDOWS\System32\WindowsPowerShell\v1.0\;C:\WINDOWS\System32\OpenSSH\;C:\Program Files\Java\jdk-25\bin;C:\Program Files\Git\cmd;C:\Program Files\nodejs\;C:\ProgramData\chocolatey\bin;C:\Program Files\PostgreSQL\18\bin;C:\Users\Admin\AppData\Local\Programs\Python\Python313\Scripts\;C:\Users\Admin\AppData\Local\Programs\Python\Python313\;C:\Users\Admin\AppData\Local\Microsoft\WindowsApps;C:\Users\Admin\AppData\Local\Programs\Microsoft VS Code\bin;C:\Program Files\JetBrains\IntelliJ IDEA 2025.2.2\bin;C:\Users\Admin\AppData\Roaming\npm;D:\Softwares\Antigravity\bin
USERNAME=Admin
OS=Windows_NT
PROCESSOR_IDENTIFIER=AMD64 Family 23 Model 104 Stepping 1, AuthenticAMD
TMP=C:\Users\Admin\AppData\Local\Temp
TEMP=C:\Users\Admin\AppData\Local\Temp




Periodic native trim disabled

---------------  S Y S T E M  ---------------

OS:
 Windows 11 , 64 bit Build 26100 (10.0.26100.8246)
OS uptime: 12 days 1:56 hours
Hyper-V role detected

CPU: total 12 (initial active 12) (12 cores per cpu, 2 threads per core) family 23 model 104 stepping 1 microcode 0x8608107, cx8, cmov, fxsr, ht, mmx, 3dnowpref, sse, sse2, sse3, ssse3, sse4a, sse4.1, sse4.2, popcnt, lzcnt, tsc, tscinvbit, avx, avx2, aes, clmul, bmi1, bmi2, adx, sha, fma, vzeroupper, clflush, clflushopt, hv, rdtscp, rdpid, f16c
Processor Information for processor 0
  Max Mhz: 2100, Current Mhz: 1988, Mhz Limit: 2100
Processor Information for processor 1
  Max Mhz: 2100, Current Mhz: 1988, Mhz Limit: 2100
Processor Information for processor 2
  Max Mhz: 2100, Current Mhz: 1988, Mhz Limit: 2100
Processor Information for processor 3
  Max Mhz: 2100, Current Mhz: 1988, Mhz Limit: 2100
Processor Information for processor 4
  Max Mhz: 2100, Current Mhz: 1988, Mhz Limit: 2100
Processor Information for processor 5
  Max Mhz: 2100, Current Mhz: 2100, Mhz Limit: 2100
Processor Information for processor 6
  Max Mhz: 2100, Current Mhz: 1988, Mhz Limit: 2100
Processor Information for processor 7
  Max Mhz: 2100, Current Mhz: 2100, Mhz Limit: 2100
Processor Information for processor 8
  Max Mhz: 2100, Current Mhz: 1988, Mhz Limit: 2100
Processor Information for processor 9
  Max Mhz: 2100, Current Mhz: 1988, Mhz Limit: 2100
Processor Information for processor 10
  Max Mhz: 2100, Current Mhz: 1988, Mhz Limit: 2100
Processor Information for processor 11
  Max Mhz: 2100, Current Mhz: 1988, Mhz Limit: 2100

Memory: 4k page, system-wide physical 5989M (139M free)
TotalPageFile size 24421M (AvailPageFile size 10M)
current process WorkingSet (physical memory assigned to process): 214M, peak: 572M
current process commit charge ("private bytes"): 1394M, peak: 1790M

vm_info: OpenJDK 64-Bit Server VM (21.0.10+7-LTS) for windows-amd64 JRE (21.0.10+7-LTS), built on 2026-01-20T00:00:00Z by "admin" with MS VC++ 17.12 (VS2022)

END.
